<?xml version="1.0" encoding="UTF-8"?>
<!-- Generated by org.testng.reporters.JUnitReportReporter -->
<testsuite skipped="0" hostname="Laptop091" name="Airbnb.AirbnbTests" tests="3" failures="0" timestamp="04 Aug 2020 01:01:43 GMT" time="34.922" errors="0">
  <testcase name="appliedFilterVerification" time="10.154" classname="Airbnb.AirbnbTests"/>
  <testcase name="extraFilterVerification" time="12.703" classname="Airbnb.AirbnbTests"/>
  <testcase name="mapDataVerification" time="12.065" classname="Airbnb.AirbnbTests"/>
</testsuite> <!-- Airbnb.AirbnbTests -->
