<?xml version="1.0" encoding="UTF-8"?>
<!-- Generated by org.testng.reporters.JUnitReportReporter -->
<testsuite skipped="0" hostname="Laptop091" name="Airbnb.AirbnbTests" tests="3" failures="0" timestamp="17 Jul 2020 19:52:26 GMT" time="36.513" errors="0">
  <testcase name="appliedFilterVerification" time="10.710" classname="Airbnb.AirbnbTests"/>
  <testcase name="extraFilterVerification" time="13.764" classname="Airbnb.AirbnbTests"/>
  <testcase name="mapDataVerification" time="12.039" classname="Airbnb.AirbnbTests"/>
</testsuite> <!-- Airbnb.AirbnbTests -->
