<?xml version="1.0" encoding="UTF-8"?>
<!-- Generated by org.testng.reporters.JUnitReportReporter -->
<testsuite skipped="0" hostname="Laptop091" name="Persivia.PatientDemographics" tests="3" failures="0" timestamp="17 Jul 2020 11:00:03 GMT" time="91.888" errors="0">
  <testcase name="appliedFilterVerification" time="9.867" classname="Persivia.PatientDemographics"/>
  <testcase name="extraFilterVerification" time="19.880" classname="Persivia.PatientDemographics"/>
  <testcase name="mapDataVerification" time="62.141" classname="Persivia.PatientDemographics"/>
</testsuite> <!-- Persivia.PatientDemographics -->
